Using pre-set license
Built from '2020.3/staging' branch; Version is '2020.3.21f1 (a38c86f6690f) revision 10718342'; Using compiler version '192528614'; Build Type 'Release'
OS: 'Windows 10 Pro; OS build 19042.906; Version 2009; 64bit' Language: 'fi' Physical Memory: 16318 MB
BatchMode: 1, IsHumanControllingUs: 0, StartBugReporterOnCrash: 0, Is64bit: 1, IsPro: 0

COMMAND LINE ARGUMENTS:
C:\Program Files\Unity\Hub\Editor\2020.3.21f1\Editor\Unity.exe
-adb2
-batchMode
-noUpm
-name
AssetImportWorker0
-projectPath
C:/Users/veikk/Tower Defence
-logFile
Logs/AssetImportWorker0.log
-srvPort
64554
Successfully changed project path to: C:/Users/veikk/Tower Defence
C:/Users/veikk/Tower Defence
Using Asset Import Pipeline V2.
Refreshing native plugins compatible for Editor in 24.06 ms, found 2 plugins.
Preloading 0 native plugins for Editor in 0.00 ms.
Initialize engine version: 2020.3.21f1 (a38c86f6690f)
[Subsystems] Discovering subsystems at path C:/Program Files/Unity/Hub/Editor/2020.3.21f1/Editor/Data/Resources/UnitySubsystems
[Subsystems] Discovering subsystems at path C:/Users/veikk/Tower Defence/Assets
GfxDevice: creating device client; threaded=0
Direct3D:
    Version:  Direct3D 11.0 [level 11.1]
    Renderer: NVIDIA GeForce RTX 3080 Ti (ID=0x2208)
    Vendor:   
    VRAM:     12108 MB
    Driver:   30.0.14.7212
Initialize mono
Mono path[0] = 'C:/Program Files/Unity/Hub/Editor/2020.3.21f1/Editor/Data/Managed'
Mono path[1] = 'C:/Program Files/Unity/Hub/Editor/2020.3.21f1/Editor/Data/MonoBleedingEdge/lib/mono/unityjit'
Mono config path = 'C:/Program Files/Unity/Hub/Editor/2020.3.21f1/Editor/Data/MonoBleedingEdge/etc'
Using monoOptions --debugger-agent=transport=dt_socket,embedding=1,server=y,suspend=n,address=127.0.0.1:56228
Begin MonoManager ReloadAssembly
Registering precompiled unity dll's ...
Register platform support module: C:/Program Files/Unity/Hub/Editor/2020.3.21f1/Editor/Data/PlaybackEngines/WindowsStandaloneSupport/UnityEditor.WindowsStandalone.Extensions.dll
Registered in 0.001610 seconds.
Native extension for WindowsStandalone target not found
Refreshing native plugins compatible for Editor in 22.89 ms, found 2 plugins.
Preloading 0 native plugins for Editor in 0.00 ms.
Mono: successfully reloaded assembly
- Completed reload, in  0.789 seconds
Domain Reload Profiling:
	ReloadAssembly (789ms)
		BeginReloadAssembly (42ms)
			ExecutionOrderSort (0ms)
			DisableScriptedObjects (0ms)
			BackupInstance (0ms)
			ReleaseScriptingObjects (0ms)
			CreateAndSetChildDomain (1ms)
		EndReloadAssembly (334ms)
			LoadAssemblies (40ms)
			RebuildTransferFunctionScriptingTraits (0ms)
			SetupTypeCache (119ms)
			ReleaseScriptCaches (0ms)
			RebuildScriptCaches (23ms)
			SetupLoadedEditorAssemblies (118ms)
				LogAssemblyErrors (0ms)
				InitializePlatformSupportModulesInManaged (3ms)
				SetLoadedEditorAssemblies (0ms)
				RefreshPlugins (23ms)
				BeforeProcessingInitializeOnLoad (6ms)
				ProcessInitializeOnLoadAttributes (63ms)
				ProcessInitializeOnLoadMethodAttributes (22ms)
				AfterProcessingInitializeOnLoad (0ms)
				EditorAssembliesLoaded (0ms)
			ExecutionOrderSort2 (0ms)
			AwakeInstancesAfterBackupRestoration (0ms)
Platform modules already initialized, skipping
Registering precompiled user dll's ...
Registered in 0.003633 seconds.
Begin MonoManager ReloadAssembly
Native extension for WindowsStandalone target not found
Refreshing native plugins compatible for Editor in 0.25 ms, found 2 plugins.
Preloading 0 native plugins for Editor in 0.00 ms.
Mono: successfully reloaded assembly
- Completed reload, in  0.780 seconds
Domain Reload Profiling:
	ReloadAssembly (781ms)
		BeginReloadAssembly (115ms)
			ExecutionOrderSort (0ms)
			DisableScriptedObjects (3ms)
			BackupInstance (0ms)
			ReleaseScriptingObjects (0ms)
			CreateAndSetChildDomain (15ms)
		EndReloadAssembly (619ms)
			LoadAssemblies (70ms)
			RebuildTransferFunctionScriptingTraits (0ms)
			SetupTypeCache (229ms)
			ReleaseScriptCaches (0ms)
			RebuildScriptCaches (31ms)
			SetupLoadedEditorAssemblies (221ms)
				LogAssemblyErrors (0ms)
				InitializePlatformSupportModulesInManaged (4ms)
				SetLoadedEditorAssemblies (0ms)
				RefreshPlugins (0ms)
				BeforeProcessingInitializeOnLoad (41ms)
				ProcessInitializeOnLoadAttributes (164ms)
				ProcessInitializeOnLoadMethodAttributes (7ms)
				AfterProcessingInitializeOnLoad (4ms)
				EditorAssembliesLoaded (0ms)
			ExecutionOrderSort2 (0ms)
			AwakeInstancesAfterBackupRestoration (6ms)
Platform modules already initialized, skipping
========================================================================
Worker process is ready to serve import requests
Launched and connected shader compiler UnityShaderCompiler.exe after 0.08 seconds
Refreshing native plugins compatible for Editor in 0.26 ms, found 2 plugins.
Preloading 0 native plugins for Editor in 0.00 ms.
Unloading 1488 Unused Serialized files (Serialized files now loaded: 0)
System memory in use before: 67.1 MB.
System memory in use after: 67.1 MB.

Unloading 19 unused Assets to reduce memory usage. Loaded Objects now: 1920.
Total: 2.347100 ms (FindLiveObjects: 0.111900 ms CreateObjectMapping: 0.036400 ms MarkObjects: 2.140400 ms  DeleteObjects: 0.057800 ms)

AssetImportParameters requested are different than current active one (requested -> active):
  custom:framework-win-MediaFoundation: 216162199b28c13a410421893ffa2e32 -> 
  custom:video-decoder-ogg-theora: a1e56fd34408186e4bbccfd4996cb3dc -> 
  custom:container-muxer-webm: aa71ff27fc2769a1b78a27578f13a17b -> 
  custom:container-demuxer-webm: 4f35f7cbe854078d1ac9338744f61a02 -> 
  custom:container-demuxer-ogg: 62fdf1f143b41e24485cea50d1cbac27 -> 
  custom:video-encoder-webm-vp8: eb34c28f22e8b96e1ab97ce403110664 -> 
  custom:video-decoder-webm-vp8: 9c59270c3fd7afecdb556c50c9e8de78 -> 
  custom:audio-decoder-ogg-vorbis: bf7c407c2cedff20999df2af8eb42d56 -> 
  custom:audio-encoder-webm-vorbis: bf7c407c2cedff20999df2af8eb42d56 -> 
========================================================================
Received Import Request.
  path: Assets/Scripts
  artifactKey: Guid(efece0bc7a9e16f4682ba93b222d271e) Importer(815301076,1909f56bfc062723c751e8b465ee728b)
Start importing Assets/Scripts using Guid(efece0bc7a9e16f4682ba93b222d271e) Importer(815301076,1909f56bfc062723c751e8b465ee728b)  -> (artifact id: '6baef396522a84d2b72f642371eb7820') in 0.006992 seconds 
  Import took 0.008853 seconds .

========================================================================
Received Import Request.
  Time since last request: 5.695949 seconds.
  path: Assets/Models
  artifactKey: Guid(7ed906f010a13f546a65d023fecb34aa) Importer(815301076,1909f56bfc062723c751e8b465ee728b)
Start importing Assets/Models using Guid(7ed906f010a13f546a65d023fecb34aa) Importer(815301076,1909f56bfc062723c751e8b465ee728b)  -> (artifact id: '92f653df34ebf5323322ae500f7828b2') in 0.006433 seconds 
  Import took 0.009046 seconds .

========================================================================
Received Import Request.
  Time since last request: 13.550878 seconds.
  path: Assets/Materials
  artifactKey: Guid(83eb3bc66caf5984295e83aaf077f1ae) Importer(815301076,1909f56bfc062723c751e8b465ee728b)
Start importing Assets/Materials using Guid(83eb3bc66caf5984295e83aaf077f1ae) Importer(815301076,1909f56bfc062723c751e8b465ee728b)  -> (artifact id: '96bc4720b6b0f9a6c74770118a7e46b3') in 0.005412 seconds 
  Import took 0.007350 seconds .

========================================================================
Received Import Request.
  Time since last request: 1181.430137 seconds.
  path: Assets/Materials/New Material.mat
  artifactKey: Guid(0755e4b670a8a8c4aa64b03906705bc1) Importer(815301076,1909f56bfc062723c751e8b465ee728b)
Start importing Assets/Materials/New Material.mat using Guid(0755e4b670a8a8c4aa64b03906705bc1) Importer(815301076,1909f56bfc062723c751e8b465ee728b)  -> (artifact id: 'b051db3ab5dac1b3ab641ddded00a025') in 0.089048 seconds 
  Import took 0.091418 seconds .

========================================================================
Received Import Request.
  Time since last request: 91.955314 seconds.
  path: Assets/Materials/Grass.mat
  artifactKey: Guid(890ff10369314f946bff9aa23835ce7a) Importer(815301076,1909f56bfc062723c751e8b465ee728b)
Start importing Assets/Materials/Grass.mat using Guid(890ff10369314f946bff9aa23835ce7a) Importer(815301076,1909f56bfc062723c751e8b465ee728b)  -> (artifact id: 'fe06dd59621d7e3bec4eeff0c3a9ed8a') in 0.010348 seconds 
  Import took 0.012429 seconds .

========================================================================
Received Import Request.
  Time since last request: 217.314523 seconds.
  path: Assets/Materials/Dirt.mat
  artifactKey: Guid(294f3726d86d78842bd76bb52f231744) Importer(815301076,1909f56bfc062723c751e8b465ee728b)
Start importing Assets/Materials/Dirt.mat using Guid(294f3726d86d78842bd76bb52f231744) Importer(815301076,1909f56bfc062723c751e8b465ee728b)  -> (artifact id: '6135c9f8f34688d9ae7b0f2ffb4d8481') in 0.011675 seconds 
  Import took 0.014046 seconds .

========================================================================
Received Import Request.
  Time since last request: 1208.883314 seconds.
  path: Assets/Materials/Ground.mat
  artifactKey: Guid(5411e0780f61d154db143a2bb32bfefa) Importer(815301076,1909f56bfc062723c751e8b465ee728b)
Start importing Assets/Materials/Ground.mat using Guid(5411e0780f61d154db143a2bb32bfefa) Importer(815301076,1909f56bfc062723c751e8b465ee728b)  -> (artifact id: '0e748a0313c109e93f91fe2677bc5677') in 0.016915 seconds 
  Import took 0.019342 seconds .

========================================================================
Received Import Request.
  Time since last request: 150.851341 seconds.
  path: Assets/Materials/Dirt.mat
  artifactKey: Guid(294f3726d86d78842bd76bb52f231744) Importer(815301076,1909f56bfc062723c751e8b465ee728b)
Start importing Assets/Materials/Dirt.mat using Guid(294f3726d86d78842bd76bb52f231744) Importer(815301076,1909f56bfc062723c751e8b465ee728b)  -> (artifact id: 'fb0a487e1d81063fb3fe6a617e371c53') in 0.008401 seconds 
  Import took 0.010492 seconds .

========================================================================
Received Import Request.
  Time since last request: 0.000135 seconds.
  path: Assets/Materials/Ground.mat
  artifactKey: Guid(5411e0780f61d154db143a2bb32bfefa) Importer(815301076,1909f56bfc062723c751e8b465ee728b)
Start importing Assets/Materials/Ground.mat using Guid(5411e0780f61d154db143a2bb32bfefa) Importer(815301076,1909f56bfc062723c751e8b465ee728b)  -> (artifact id: 'f4285f276f16f73abd99b1ffd6236418') in 0.019287 seconds 
  Import took 0.020993 seconds .

========================================================================
Received Import Request.
  Time since last request: 0.000131 seconds.
  path: Assets/Materials/Grass.mat
  artifactKey: Guid(890ff10369314f946bff9aa23835ce7a) Importer(815301076,1909f56bfc062723c751e8b465ee728b)
Start importing Assets/Materials/Grass.mat using Guid(890ff10369314f946bff9aa23835ce7a) Importer(815301076,1909f56bfc062723c751e8b465ee728b)  -> (artifact id: 'b7caa9a276f2417cda47cd049d38d597') in 0.007964 seconds 
  Import took 0.009825 seconds .

AssetImportWorkerClient::OnTransportError - code=2 error=End of file
